2023-09-22 19:56:05.304 INFO  com.mcxgroup.member.config.MemberApplication      :51   [32m                  [0;39m Starting MemberApplication using Java 17.0.6 with PID 27312 (F:\项目\train\member\target\classes started by mcxen in F:\项目\train)
2023-09-22 19:56:05.307 INFO  com.mcxgroup.member.config.MemberApplication      :630  [32m                  [0;39m No active profile set, falling back to 1 default profile: "default"
2023-09-22 19:56:05.343 INFO  o.s.b.d.env.DevToolsPropertyDefaultsPostProcessor :250  [32m                  [0;39m Devtools property defaults active! Set 'spring.devtools.add-properties' to 'false' to disable
2023-09-22 19:56:05.343 INFO  o.s.b.d.env.DevToolsPropertyDefaultsPostProcessor :250  [32m                  [0;39m For additional web related logging consider setting the 'logging.level.web' property to 'DEBUG'
2023-09-22 19:56:05.840 INFO  o.springframework.cloud.context.scope.GenericScope:282  [32m                  [0;39m BeanFactory id=48127f96-07f5-3ac5-99c5-e6fe52ea15b1
2023-09-22 19:56:06.321 INFO  o.s.boot.web.embedded.tomcat.TomcatWebServer      :114  [32m                  [0;39m Tomcat initialized with port(s): 8080 (http)
2023-09-22 19:56:06.328 INFO  org.apache.coyote.http11.Http11NioProtocol        :173  [32m                  [0;39m Initializing ProtocolHandler ["http-nio-8080"]
2023-09-22 19:56:06.329 INFO  org.apache.catalina.core.StandardService          :173  [32m                  [0;39m Starting service [Tomcat]
2023-09-22 19:56:06.329 INFO  org.apache.catalina.core.StandardEngine           :173  [32m                  [0;39m Starting Servlet engine: [Apache Tomcat/10.1.1]
2023-09-22 19:56:06.370 INFO  o.a.c.c.C.[Tomcat].[localhost].[/member]          :173  [32m                  [0;39m Initializing Spring embedded WebApplicationContext
2023-09-22 19:56:06.371 INFO  o.s.b.w.s.c.ServletWebServerApplicationContext    :291  [32m                  [0;39m Root WebApplicationContext: initialization completed in 1027 ms
2023-09-22 19:56:06.592 INFO  o.s.b.d.autoconfigure.OptionalLiveReloadServer    :59   [32m                  [0;39m LiveReload server is running on port 35729
2023-09-22 19:56:06.762 INFO  org.apache.coyote.http11.Http11NioProtocol        :173  [32m                  [0;39m Starting ProtocolHandler ["http-nio-8080"]
2023-09-22 19:56:06.775 INFO  o.s.boot.web.embedded.tomcat.TomcatWebServer      :226  [32m                  [0;39m Tomcat started on port(s): 8080 (http) with context path '/member'
2023-09-22 19:56:06.920 INFO  com.mcxgroup.member.config.MemberApplication      :57   [32m                  [0;39m Started MemberApplication in 2.178 seconds (process running for 2.669)
2023-09-22 19:56:06.922 INFO  com.mcxgroup.member.config.MemberApplication      :17   [32m                  [0;39m member模块启动成功
2023-09-22 20:01:02.495 INFO  com.mcxgroup.member.config.MemberApplication      :51   [32m                  [0;39m Starting MemberApplication using Java 17.0.6 with PID 40656 (F:\项目\train\member\target\classes started by mcxen in F:\项目\train)
2023-09-22 20:01:02.497 INFO  com.mcxgroup.member.config.MemberApplication      :630  [32m                  [0;39m No active profile set, falling back to 1 default profile: "default"
2023-09-22 20:01:02.531 INFO  o.s.b.d.env.DevToolsPropertyDefaultsPostProcessor :250  [32m                  [0;39m Devtools property defaults active! Set 'spring.devtools.add-properties' to 'false' to disable
2023-09-22 20:01:02.531 INFO  o.s.b.d.env.DevToolsPropertyDefaultsPostProcessor :250  [32m                  [0;39m For additional web related logging consider setting the 'logging.level.web' property to 'DEBUG'
2023-09-22 20:01:02.959 INFO  o.springframework.cloud.context.scope.GenericScope:282  [32m                  [0;39m BeanFactory id=48127f96-07f5-3ac5-99c5-e6fe52ea15b1
2023-09-22 20:01:03.299 INFO  o.s.boot.web.embedded.tomcat.TomcatWebServer      :114  [32m                  [0;39m Tomcat initialized with port(s): 8080 (http)
2023-09-22 20:01:03.306 INFO  org.apache.coyote.http11.Http11NioProtocol        :173  [32m                  [0;39m Initializing ProtocolHandler ["http-nio-8080"]
2023-09-22 20:01:03.307 INFO  org.apache.catalina.core.StandardService          :173  [32m                  [0;39m Starting service [Tomcat]
2023-09-22 20:01:03.307 INFO  org.apache.catalina.core.StandardEngine           :173  [32m                  [0;39m Starting Servlet engine: [Apache Tomcat/10.1.1]
2023-09-22 20:01:03.349 INFO  o.a.c.c.C.[Tomcat].[localhost].[/member]          :173  [32m                  [0;39m Initializing Spring embedded WebApplicationContext
2023-09-22 20:01:03.350 INFO  o.s.b.w.s.c.ServletWebServerApplicationContext    :291  [32m                  [0;39m Root WebApplicationContext: initialization completed in 818 ms
2023-09-22 20:01:03.596 INFO  o.s.b.d.autoconfigure.OptionalLiveReloadServer    :59   [32m                  [0;39m LiveReload server is running on port 35729
2023-09-22 20:01:03.769 INFO  org.apache.coyote.http11.Http11NioProtocol        :173  [32m                  [0;39m Starting ProtocolHandler ["http-nio-8080"]
2023-09-22 20:01:03.782 INFO  o.s.boot.web.embedded.tomcat.TomcatWebServer      :226  [32m                  [0;39m Tomcat started on port(s): 8080 (http) with context path '/member'
2023-09-22 20:01:03.922 INFO  com.mcxgroup.member.config.MemberApplication      :57   [32m                  [0;39m Started MemberApplication in 1.96 seconds (process running for 2.425)
2023-09-22 20:01:03.925 INFO  com.mcxgroup.member.config.MemberApplication      :17   [32m                  [0;39m member模块启动成功
